[INFO] 2025-10-03 08:06:42 views 3081281 23027010377536 User 2 retrieving milkman 2
[INFO] 2025-10-03 08:06:42 views 3081281 23027010377536 Milkman 2 retrieved successfully for user 2
[INFO] 2025-10-03 08:19:02 views 3081281 23027010377536 User 2 retrieving milkman 2
[INFO] 2025-10-03 08:19:02 views 3081281 23027010377536 Milkman 2 retrieved successfully for user 2
[INFO] 2025-10-03 08:21:27 views 3081281 23027010377536 User 2 retrieving milkman 2
[INFO] 2025-10-03 08:21:27 views 3081281 23027010377536 Milkman 2 retrieved successfully for user 2
[INFO] 2025-10-03 08:22:20 views 3081281 23027010377536 User 2 retrieving milkman 2
[INFO] 2025-10-03 08:22:20 views 3081281 23027010377536 Milkman 2 retrieved successfully for user 2
[INFO] 2025-10-03 09:04:06 views 3081281 23027010377536 User 2 retrieving milkman 2
[INFO] 2025-10-03 09:04:06 views 3081281 23027010377536 Milkman 2 retrieved successfully for user 2
[INFO] 2025-10-03 09:58:38 views 3602092 23172991452992 User 2 retrieving milkman 2
[INFO] 2025-10-03 09:58:38 views 3602092 23172991452992 Milkman 2 retrieved successfully for user 2
[INFO] 2025-10-03 10:05:00 views 3625160 22507028023104 User 2 retrieving milkman 2
[INFO] 2025-10-03 10:05:00 views 3625160 22507028023104 Milkman 2 retrieved successfully for user 2
[INFO] 2025-10-03 10:05:06 views 3625160 22507028023104 User 2 retrieving milkman 2
[INFO] 2025-10-03 10:05:06 views 3625160 22507028023104 Milkman 2 retrieved successfully for user 2
[INFO] 2025-10-03 10:07:09 views 3625160 22507028023104 User 2 retrieving milkman 2
[INFO] 2025-10-03 10:07:09 views 3625160 22507028023104 Milkman 2 retrieved successfully for user 2
[INFO] 2025-10-03 11:27:37 views 4019628 23421906073408 User 2 retrieving milkman 2
[INFO] 2025-10-03 11:27:37 views 4019628 23421906073408 Milkman 2 retrieved successfully for user 2
[INFO] 2025-10-03 11:27:37 views 4019628 23421906073408 User 2 retrieving milkman 2
[INFO] 2025-10-03 11:27:37 views 4019628 23421906073408 Milkman 2 retrieved successfully for user 2
[INFO] 2025-10-03 11:29:54 views 4019628 23421906073408 User 2 retrieving milkman 2
[INFO] 2025-10-03 11:29:54 views 4019628 23421906073408 Milkman 2 retrieved successfully for user 2
[INFO] 2025-10-03 11:31:15 views 4041028 22860807411520 User 2 retrieving milkman 2
[INFO] 2025-10-03 11:31:15 views 4041028 22860807411520 Milkman 2 retrieved successfully for user 2
[INFO] 2025-10-03 11:41:00 views 4041028 22860807411520 User 2 retrieving milkman 2
[INFO] 2025-10-03 11:41:00 views 4041028 22860807411520 Milkman 2 retrieved successfully for user 2
[INFO] 2025-10-03 11:41:03 views 4041028 22860807411520 User 2 retrieving milkman 2
[INFO] 2025-10-03 11:41:03 views 4041028 22860807411520 Milkman 2 retrieved successfully for user 2
[INFO] 2025-10-03 11:45:45 views 4106504 22851863840576 User 2 retrieving milkman 2
[INFO] 2025-10-03 11:45:45 views 4106504 22851863840576 Milkman 2 retrieved successfully for user 2
[INFO] 2025-10-03 11:47:12 views 4106504 22851863840576 User 2 retrieving milkman 2
[INFO] 2025-10-03 11:47:12 views 4106504 22851863840576 Milkman 2 retrieved successfully for user 2
[INFO] 2025-10-03 11:47:15 views 4106504 22851863840576 User 2 retrieving milkman 2
[INFO] 2025-10-03 11:47:15 views 4106504 22851863840576 Milkman 2 retrieved successfully for user 2
[INFO] 2025-10-03 11:47:20 views 4106504 22851863840576 User 2 retrieving milkman 2
[INFO] 2025-10-03 11:47:20 views 4106504 22851863840576 Milkman 2 retrieved successfully for user 2
[INFO] 2025-10-03 11:47:44 views 4106504 22851863840576 User 9 retrieving milkman 9
[INFO] 2025-10-03 11:47:44 views 4106504 22851863840576 Milkman 9 retrieved successfully for user 9
[INFO] 2025-10-03 11:47:48 views 4106504 22851863840576 User 9 retrieving milkman 9
[INFO] 2025-10-03 11:47:48 views 4106504 22851863840576 Milkman 9 retrieved successfully for user 9
[INFO] 2025-10-03 11:53:37 views 4106504 22851863840576 User 2 retrieving milkman 2
[INFO] 2025-10-03 11:53:37 views 4106504 22851863840576 Milkman 2 retrieved successfully for user 2
[INFO] 2025-10-03 11:53:45 views 4106504 22851863840576 User 2 retrieving milkman 2
[INFO] 2025-10-03 11:53:45 views 4106504 22851863840576 Milkman 2 retrieved successfully for user 2
[INFO] 2025-10-03 12:19:42 views 4106504 22851863840576 User 2 retrieving milkman 2
[INFO] 2025-10-03 12:19:42 views 4106504 22851863840576 Milkman 2 retrieved successfully for user 2
[INFO] 2025-10-03 12:19:44 views 4106504 22851863840576 User 2 retrieving milkman 2
[INFO] 2025-10-03 12:19:44 views 4106504 22851863840576 Milkman 2 retrieved successfully for user 2
[INFO] 2025-10-03 14:54:35 views 868286 22703286286144 User 11 retrieving milkman 11
[INFO] 2025-10-03 14:54:35 views 868286 22703286286144 Milkman 11 retrieved successfully for user 11
[INFO] 2025-10-03 14:55:02 views 868286 22703286286144 User 11 retrieving milkman 11
[INFO] 2025-10-03 14:55:02 views 868286 22703286286144 Milkman 11 retrieved successfully for user 11
[INFO] 2025-10-03 14:55:16 views 868286 22703286286144 User 11 updating milkman 11
[INFO] 2025-10-03 14:55:16 views 868286 22703286286144 Milkman 11 updated successfully
[INFO] 2025-10-03 14:55:31 views 868286 22703286286144 User 11 updating milkman 11
[INFO] 2025-10-03 14:55:31 views 868286 22703286286144 Milkman 11 updated successfully
[INFO] 2025-10-03 14:56:26 views 868286 22703286286144 User 11 updating milkman 11
[INFO] 2025-10-03 14:56:26 views 868286 22703286286144 Milkman 11 updated successfully
[INFO] 2025-10-03 14:59:06 views 868286 22703286286144 User 11 retrieving milkman 11
[INFO] 2025-10-03 14:59:06 views 868286 22703286286144 Milkman 11 retrieved successfully for user 11
[INFO] 2025-10-03 15:00:38 views 868286 22703286286144 User 11 retrieving milkman 11
[INFO] 2025-10-03 15:00:38 views 868286 22703286286144 Milkman 11 retrieved successfully for user 11
[INFO] 2025-10-03 15:08:49 views 868286 22703286286144 User 11 retrieving milkman 11
[INFO] 2025-10-03 15:08:49 views 868286 22703286286144 Milkman 11 retrieved successfully for user 11
[INFO] 2025-10-03 15:09:08 views 868286 22703286286144 User 11 updating milkman 11
[INFO] 2025-10-03 15:09:08 views 868286 22703286286144 Milkman 11 updated successfully
[INFO] 2025-10-03 15:09:17 views 868286 22703286286144 User 11 retrieving milkman 11
[INFO] 2025-10-03 15:09:17 views 868286 22703286286144 Milkman 11 retrieved successfully for user 11
[INFO] 2025-10-03 15:13:39 views 868286 22703286286144 User 11 retrieving milkman 11
[INFO] 2025-10-03 15:13:39 views 868286 22703286286144 Milkman 11 retrieved successfully for user 11
[INFO] 2025-10-03 15:14:11 views 868286 22703286286144 User 11 retrieving milkman 11
[INFO] 2025-10-03 15:14:11 views 868286 22703286286144 Milkman 11 retrieved successfully for user 11
[INFO] 2025-10-03 15:20:33 views 868286 22703286286144 User 11 retrieving milkman 11
[INFO] 2025-10-03 15:20:33 views 868286 22703286286144 Milkman 11 retrieved successfully for user 11
[INFO] 2025-10-03 15:20:34 views 868286 22703286286144 User 11 retrieving milkman 11
[INFO] 2025-10-03 15:20:34 views 868286 22703286286144 Milkman 11 retrieved successfully for user 11
[INFO] 2025-10-03 15:26:56 views 868286 22703286286144 User 11 retrieving milkman 11
[INFO] 2025-10-03 15:26:56 views 868286 22703286286144 Milkman 11 retrieved successfully for user 11
[INFO] 2025-10-03 15:26:59 views 868286 22703286286144 User 11 updating milkman 11
[INFO] 2025-10-03 15:26:59 views 868286 22703286286144 Milkman 11 updated successfully
[INFO] 2025-10-03 15:43:26 views 868286 22703286286144 Creating new milkman
[WARNING] 2025-10-03 15:43:26 views 868286 22703286286144 Failed to create milkman: {'phone_number': [ErrorDetail(string='Phone number must be unique.', code='unique')]}
[INFO] 2025-10-03 15:43:38 views 868286 22703286286144 Creating new milkman
[WARNING] 2025-10-03 15:43:38 views 868286 22703286286144 Failed to create milkman: {'phone_number': [ErrorDetail(string='Phone number must be unique.', code='unique')]}
[INFO] 2025-10-03 15:43:52 views 868286 22703286286144 Creating new milkman
[WARNING] 2025-10-03 15:43:52 views 868286 22703286286144 Failed to create milkman: {'phone_number': [ErrorDetail(string='Phone number must be unique.', code='unique')]}
[INFO] 2025-10-03 15:44:03 views 868286 22703286286144 Creating new milkman
[WARNING] 2025-10-03 15:44:03 views 868286 22703286286144 Failed to create milkman: {'phone_number': [ErrorDetail(string='Phone number must be unique.', code='unique')]}
[INFO] 2025-10-03 15:46:20 views 868286 22703286286144 Creating new milkman
[WARNING] 2025-10-03 15:46:20 views 868286 22703286286144 Failed to create milkman: {'phone_number': [ErrorDetail(string='Phone number must be unique.', code='unique')]}
[INFO] 2025-10-03 15:46:37 views 868286 22703286286144 Creating new milkman
[INFO] 2025-10-03 15:46:37 views 868286 22703286286144 Milkman 28 created successfully with phone +917070707077
[INFO] 2025-10-03 15:47:12 views 868286 22703286286144 User 28 retrieving milkman 28
[INFO] 2025-10-03 15:47:12 views 868286 22703286286144 Milkman 28 retrieved successfully for user 28
[INFO] 2025-10-03 15:47:16 views 868286 22703286286144 User 28 retrieving milkman 28
[INFO] 2025-10-03 15:47:16 views 868286 22703286286144 Milkman 28 retrieved successfully for user 28
[INFO] 2025-10-03 15:47:34 views 868286 22703286286144 User 28 updating milkman 28
[INFO] 2025-10-03 15:47:34 views 868286 22703286286144 Milkman 28 updated successfully
[INFO] 2025-10-03 15:49:01 views 868286 22703286286144 Creating new milkman
[INFO] 2025-10-03 15:49:02 views 868286 22703286286144 Milkman 29 created successfully with phone +918080808081
[INFO] 2025-10-03 15:49:18 views 868286 22703286286144 User 29 retrieving milkman 29
[INFO] 2025-10-03 15:49:18 views 868286 22703286286144 Milkman 29 retrieved successfully for user 29
[INFO] 2025-10-03 15:49:21 views 868286 22703286286144 User 29 retrieving milkman 29
[INFO] 2025-10-03 15:49:21 views 868286 22703286286144 Milkman 29 retrieved successfully for user 29
[INFO] 2025-10-03 15:49:28 views 868286 22703286286144 User 29 updating milkman 29
[INFO] 2025-10-03 15:49:28 views 868286 22703286286144 Milkman 29 updated successfully
[INFO] 2025-10-03 15:52:47 views 868286 22703286286144 User 29 retrieving milkman 29
[INFO] 2025-10-03 15:52:47 views 868286 22703286286144 Milkman 29 retrieved successfully for user 29
[INFO] 2025-10-03 15:52:51 views 868286 22703286286144 User 29 retrieving milkman 29
[INFO] 2025-10-03 15:52:51 views 868286 22703286286144 Milkman 29 retrieved successfully for user 29
[INFO] 2025-10-03 15:53:51 views 868286 22703286286144 Creating new milkman
[INFO] 2025-10-03 15:53:51 views 868286 22703286286144 Milkman 30 created successfully with phone +918080808083
[INFO] 2025-10-03 15:54:05 views 868286 22703286286144 User 30 retrieving milkman 30
[INFO] 2025-10-03 15:54:05 views 868286 22703286286144 Milkman 30 retrieved successfully for user 30
[INFO] 2025-10-03 15:54:07 views 868286 22703286286144 User 30 retrieving milkman 30
[INFO] 2025-10-03 15:54:07 views 868286 22703286286144 Milkman 30 retrieved successfully for user 30
[INFO] 2025-10-03 15:54:08 views 868286 22703286286144 User 30 retrieving milkman 30
[INFO] 2025-10-03 15:54:08 views 868286 22703286286144 Milkman 30 retrieved successfully for user 30
[INFO] 2025-10-03 15:54:24 views 868286 22703286286144 User 2 retrieving milkman 2
[INFO] 2025-10-03 15:54:24 views 868286 22703286286144 Milkman 2 retrieved successfully for user 2
[INFO] 2025-10-03 16:12:18 views 868286 22703286286144 User 11 retrieving milkman 11
[INFO] 2025-10-03 16:12:18 views 868286 22703286286144 Milkman 11 retrieved successfully for user 11
[INFO] 2025-10-03 16:12:24 views 868286 22703286286144 User 11 retrieving milkman 11
[INFO] 2025-10-03 16:12:24 views 868286 22703286286144 Milkman 11 retrieved successfully for user 11
[INFO] 2025-10-03 16:12:25 views 868286 22703286286144 User 2 retrieving milkman 2
[INFO] 2025-10-03 16:12:25 views 868286 22703286286144 Milkman 2 retrieved successfully for user 2
[INFO] 2025-10-03 16:12:31 views 868286 22703286286144 User 11 retrieving milkman 11
[INFO] 2025-10-03 16:12:31 views 868286 22703286286144 Milkman 11 retrieved successfully for user 11
[INFO] 2025-10-03 16:12:38 views 868286 22703286286144 User 11 retrieving milkman 11
[INFO] 2025-10-03 16:12:38 views 868286 22703286286144 Milkman 11 retrieved successfully for user 11
[INFO] 2025-10-03 16:12:43 views 868286 22703286286144 User 11 retrieving milkman 11
[INFO] 2025-10-03 16:12:43 views 868286 22703286286144 Milkman 11 retrieved successfully for user 11
[INFO] 2025-10-03 16:12:48 views 1250395 22854090016576 User 11 retrieving milkman 11
[INFO] 2025-10-03 16:12:48 views 1250395 22854090016576 Milkman 11 retrieved successfully for user 11
[INFO] 2025-10-03 16:14:20 views 868286 22703286286144 Creating new milkman
[INFO] 2025-10-03 16:14:20 views 868286 22703286286144 Milkman 31 created successfully with phone +919494949494
[INFO] 2025-10-03 16:14:34 views 1250395 22854090016576 User 11 retrieving milkman 11
[INFO] 2025-10-03 16:14:34 views 1250395 22854090016576 Milkman 11 retrieved successfully for user 11
[INFO] 2025-10-03 16:14:39 views 868286 22703286286144 User 31 retrieving milkman 31
[INFO] 2025-10-03 16:14:39 views 868286 22703286286144 Milkman 31 retrieved successfully for user 31
[INFO] 2025-10-03 16:14:41 views 868286 22703286286144 User 11 retrieving milkman 11
[INFO] 2025-10-03 16:14:41 views 868286 22703286286144 Milkman 11 retrieved successfully for user 11
[INFO] 2025-10-03 16:15:03 views 868286 22703286286144 User 11 retrieving milkman 11
[INFO] 2025-10-03 16:15:03 views 868286 22703286286144 Milkman 11 retrieved successfully for user 11
[INFO] 2025-10-03 16:15:05 views 868286 22703286286144 User 31 retrieving milkman 31
[INFO] 2025-10-03 16:15:05 views 868286 22703286286144 Milkman 31 retrieved successfully for user 31
[INFO] 2025-10-03 16:16:37 views 868286 22703286286144 User 11 retrieving milkman 11
[INFO] 2025-10-03 16:16:37 views 868286 22703286286144 Milkman 11 retrieved successfully for user 11
[INFO] 2025-10-03 16:16:59 views 868286 22703286286144 User 11 retrieving milkman 11
[INFO] 2025-10-03 16:16:59 views 868286 22703286286144 Milkman 11 retrieved successfully for user 11
[INFO] 2025-10-03 16:17:01 views 868286 22703286286144 User 11 retrieving milkman 11
[INFO] 2025-10-03 16:17:01 views 868286 22703286286144 Milkman 11 retrieved successfully for user 11
[INFO] 2025-10-03 16:17:04 views 1250395 22854090016576 User 11 retrieving milkman 11
[INFO] 2025-10-03 16:17:04 views 1250395 22854090016576 Milkman 11 retrieved successfully for user 11
[INFO] 2025-10-03 16:17:14 views 868286 22703286286144 User 11 retrieving milkman 11
[INFO] 2025-10-03 16:17:14 views 868286 22703286286144 Milkman 11 retrieved successfully for user 11
[INFO] 2025-10-03 16:17:18 views 868286 22703286286144 User 11 retrieving milkman 11
[INFO] 2025-10-03 16:17:18 views 868286 22703286286144 Milkman 11 retrieved successfully for user 11
[INFO] 2025-10-03 16:17:36 views 868286 22703286286144 User 31 retrieving milkman 31
[INFO] 2025-10-03 16:17:36 views 868286 22703286286144 Milkman 31 retrieved successfully for user 31
[INFO] 2025-10-03 16:17:41 views 868286 22703286286144 User 11 retrieving milkman 11
[INFO] 2025-10-03 16:17:41 views 868286 22703286286144 Milkman 11 retrieved successfully for user 11
[INFO] 2025-10-03 16:24:00 views 868286 22703286286144 User 31 retrieving milkman 31
[INFO] 2025-10-03 16:24:00 views 868286 22703286286144 Milkman 31 retrieved successfully for user 31
[INFO] 2025-10-03 16:27:14 views 868286 22703286286144 User 31 retrieving milkman 31
[INFO] 2025-10-03 16:27:14 views 868286 22703286286144 Milkman 31 retrieved successfully for user 31
[INFO] 2025-10-03 16:28:43 views 868286 22703286286144 User 31 retrieving milkman 31
[INFO] 2025-10-03 16:28:43 views 868286 22703286286144 Milkman 31 retrieved successfully for user 31
[INFO] 2025-10-03 16:28:51 views 868286 22703286286144 User 31 retrieving milkman 31
[INFO] 2025-10-03 16:28:51 views 868286 22703286286144 Milkman 31 retrieved successfully for user 31
[INFO] 2025-10-03 16:29:15 views 868286 22703286286144 User 31 retrieving milkman 31
[INFO] 2025-10-03 16:29:15 views 868286 22703286286144 Milkman 31 retrieved successfully for user 31
[INFO] 2025-10-03 16:29:19 views 868286 22703286286144 User 31 retrieving milkman 31
[INFO] 2025-10-03 16:29:19 views 868286 22703286286144 Milkman 31 retrieved successfully for user 31
[INFO] 2025-10-03 16:29:30 views 868286 22703286286144 User 31 retrieving milkman 31
[INFO] 2025-10-03 16:29:30 views 868286 22703286286144 Milkman 31 retrieved successfully for user 31
[INFO] 2025-10-03 16:38:50 views 1373564 23179529783104 User 31 retrieving milkman 31
[INFO] 2025-10-03 16:38:50 views 1373564 23179529783104 Milkman 31 retrieved successfully for user 31
[INFO] 2025-10-03 16:39:35 views 1378117 22835610801984 User 31 retrieving milkman 31
[INFO] 2025-10-03 16:39:35 views 1378117 22835610801984 Milkman 31 retrieved successfully for user 31
[INFO] 2025-10-03 16:39:42 views 1378117 22835610801984 User 31 retrieving milkman 31
[INFO] 2025-10-03 16:39:42 views 1378117 22835610801984 Milkman 31 retrieved successfully for user 31
[INFO] 2025-10-03 16:40:45 views 1378117 22835610801984 User 31 retrieving milkman 31
[INFO] 2025-10-03 16:40:45 views 1378117 22835610801984 Milkman 31 retrieved successfully for user 31
[INFO] 2025-10-03 16:40:47 views 1378117 22835610801984 User 31 retrieving milkman 31
[INFO] 2025-10-03 16:40:47 views 1378117 22835610801984 Milkman 31 retrieved successfully for user 31
[INFO] 2025-10-03 16:40:50 views 1378117 22835610801984 User 31 retrieving milkman 31
[INFO] 2025-10-03 16:40:50 views 1378117 22835610801984 Milkman 31 retrieved successfully for user 31
[INFO] 2025-10-03 16:40:54 views 1378117 22835610801984 User 31 retrieving milkman 31
[INFO] 2025-10-03 16:40:54 views 1378117 22835610801984 Milkman 31 retrieved successfully for user 31
[INFO] 2025-10-03 16:41:15 views 1378117 22835610801984 User 31 retrieving milkman 31
[INFO] 2025-10-03 16:41:15 views 1378117 22835610801984 Milkman 31 retrieved successfully for user 31
[INFO] 2025-10-03 16:41:19 views 1378117 22835610801984 User 31 retrieving milkman 31
[INFO] 2025-10-03 16:41:19 views 1378117 22835610801984 Milkman 31 retrieved successfully for user 31
[INFO] 2025-10-03 16:41:24 views 1378117 22835610801984 User 31 retrieving milkman 31
[INFO] 2025-10-03 16:41:24 views 1378117 22835610801984 Milkman 31 retrieved successfully for user 31
[INFO] 2025-10-03 16:41:27 views 1378117 22835610801984 User 31 retrieving milkman 31
[INFO] 2025-10-03 16:41:27 views 1378117 22835610801984 Milkman 31 retrieved successfully for user 31
[INFO] 2025-10-03 16:41:30 views 1378117 22835610801984 User 31 retrieving milkman 31
[INFO] 2025-10-03 16:41:30 views 1378117 22835610801984 Milkman 31 retrieved successfully for user 31
[INFO] 2025-10-03 16:43:58 views 1378117 22835610801984 User 31 retrieving milkman 31
[INFO] 2025-10-03 16:43:58 views 1378117 22835610801984 Milkman 31 retrieved successfully for user 31
[INFO] 2025-10-03 16:47:45 views 1378117 22835610801984 User 31 retrieving milkman 31
[INFO] 2025-10-03 16:47:45 views 1378117 22835610801984 Milkman 31 retrieved successfully for user 31
[INFO] 2025-10-03 16:48:04 views 1378117 22835610801984 User 31 retrieving milkman 31
[INFO] 2025-10-03 16:48:04 views 1378117 22835610801984 Milkman 31 retrieved successfully for user 31
[INFO] 2025-10-03 16:58:07 views 1462577 22776689964864 User 31 retrieving milkman 31
[INFO] 2025-10-03 16:58:07 views 1462577 22776689964864 Milkman 31 retrieved successfully for user 31
[INFO] 2025-10-03 17:02:41 views 1462577 22776689964864 User 31 retrieving milkman 31
[INFO] 2025-10-03 17:02:41 views 1462577 22776689964864 Milkman 31 retrieved successfully for user 31
[INFO] 2025-10-03 17:07:12 views 1462577 22776689964864 User 31 retrieving milkman 31
[INFO] 2025-10-03 17:07:12 views 1462577 22776689964864 Milkman 31 retrieved successfully for user 31
[INFO] 2025-10-03 17:07:15 views 1462577 22776689964864 User 31 retrieving milkman 31
[INFO] 2025-10-03 17:07:15 views 1462577 22776689964864 Milkman 31 retrieved successfully for user 31
[INFO] 2025-10-03 17:07:16 views 1503018 22568086550336 User 31 retrieving milkman 31
[INFO] 2025-10-03 17:07:16 views 1503018 22568086550336 Milkman 31 retrieved successfully for user 31
[INFO] 2025-10-03 19:37:58 views 2205738 22698649446208 User 31 retrieving milkman 31
[INFO] 2025-10-03 19:37:58 views 2205738 22698649446208 Milkman 31 retrieved successfully for user 31
[INFO] 2025-10-06 06:51:38 views 3519787 23235638437696 User 2 retrieving milkman 2
[INFO] 2025-10-06 06:51:38 views 3519787 23235638437696 Milkman 2 retrieved successfully for user 2
[INFO] 2025-10-06 06:51:47 views 3519787 23235638437696 User 2 retrieving milkman 2
[INFO] 2025-10-06 06:51:47 views 3519787 23235638437696 Milkman 2 retrieved successfully for user 2
[INFO] 2025-10-06 07:00:59 views 3519787 23235638437696 User 3 retrieving milkman 7
[INFO] 2025-10-06 07:00:59 views 3519787 23235638437696 Milkman 7 retrieved successfully for user 3
[INFO] 2025-10-06 07:01:05 views 3519787 23235638437696 User 3 retrieving milkman 8
[INFO] 2025-10-06 07:01:05 views 3519787 23235638437696 Milkman 8 retrieved successfully for user 3
[INFO] 2025-10-06 07:01:10 views 3519787 23235638437696 User 3 retrieving milkman 3
[INFO] 2025-10-06 07:01:10 views 3519787 23235638437696 Milkman 3 retrieved successfully for user 3
[INFO] 2025-10-06 07:01:26 views 3519787 23235638437696 User 3 retrieving milkman 7
[INFO] 2025-10-06 07:01:26 views 3519787 23235638437696 Milkman 7 retrieved successfully for user 3
[INFO] 2025-10-06 07:01:35 views 3519787 23235638437696 User 3 retrieving milkman 7
[INFO] 2025-10-06 07:01:35 views 3519787 23235638437696 Milkman 7 retrieved successfully for user 3
[INFO] 2025-10-06 07:04:09 views 3519787 23235638437696 User 3 retrieving milkman 7
[INFO] 2025-10-06 07:04:09 views 3519787 23235638437696 Milkman 7 retrieved successfully for user 3
[INFO] 2025-10-06 07:04:15 views 3519787 23235638437696 User 3 retrieving milkman 8
[INFO] 2025-10-06 07:04:15 views 3519787 23235638437696 Milkman 8 retrieved successfully for user 3
[INFO] 2025-10-06 07:06:53 views 3519787 23235638437696 User 3 retrieving milkman 7
[INFO] 2025-10-06 07:06:53 views 3519787 23235638437696 Milkman 7 retrieved successfully for user 3
[INFO] 2025-10-06 07:07:10 views 3519787 23235638437696 User 3 retrieving milkman 8
[INFO] 2025-10-06 07:07:10 views 3519787 23235638437696 Milkman 8 retrieved successfully for user 3
[INFO] 2025-10-06 07:07:16 views 3519787 23235638437696 User 3 retrieving milkman 17
[INFO] 2025-10-06 07:07:16 views 3519787 23235638437696 Milkman 17 retrieved successfully for user 3
[INFO] 2025-10-06 07:08:15 views 3519787 23235638437696 User 2 retrieving milkman 2
[INFO] 2025-10-06 07:08:15 views 3519787 23235638437696 Milkman 2 retrieved successfully for user 2
[INFO] 2025-10-06 07:08:19 views 3519787 23235638437696 User 2 retrieving milkman 2
[INFO] 2025-10-06 07:08:19 views 3519787 23235638437696 Milkman 2 retrieved successfully for user 2
[INFO] 2025-10-06 07:08:22 views 3519787 23235638437696 User 2 retrieving milkman 2
[INFO] 2025-10-06 07:08:22 views 3519787 23235638437696 Milkman 2 retrieved successfully for user 2
[INFO] 2025-10-06 07:09:36 views 3519787 23235638437696 User 3 retrieving milkman 7
[INFO] 2025-10-06 07:09:36 views 3519787 23235638437696 Milkman 7 retrieved successfully for user 3
[INFO] 2025-10-06 07:10:56 views 3519787 23235638437696 User 3 retrieving milkman 17
[INFO] 2025-10-06 07:10:56 views 3519787 23235638437696 Milkman 17 retrieved successfully for user 3
[INFO] 2025-10-06 07:11:04 views 3519787 23235638437696 User 3 retrieving milkman 17
[INFO] 2025-10-06 07:11:04 views 3519787 23235638437696 Milkman 17 retrieved successfully for user 3
[INFO] 2025-10-06 07:12:09 views 3519787 23235638437696 User 3 retrieving milkman 7
[INFO] 2025-10-06 07:12:09 views 3519787 23235638437696 Milkman 7 retrieved successfully for user 3
[INFO] 2025-10-06 07:14:37 views 3519787 23235638437696 User 3 retrieving milkman 7
[INFO] 2025-10-06 07:14:37 views 3519787 23235638437696 Milkman 7 retrieved successfully for user 3
[INFO] 2025-10-06 07:20:27 views 3519787 23235638437696 User 3 retrieving milkman 7
[INFO] 2025-10-06 07:20:27 views 3519787 23235638437696 Milkman 7 retrieved successfully for user 3
[INFO] 2025-10-06 07:21:02 views 3519787 23235638437696 User 3 retrieving milkman 7
[INFO] 2025-10-06 07:21:02 views 3519787 23235638437696 Milkman 7 retrieved successfully for user 3
[INFO] 2025-10-06 09:30:57 views 116606 22379139258176 User 3 retrieving milkman 7
[INFO] 2025-10-06 09:30:57 views 116606 22379139258176 Milkman 7 retrieved successfully for user 3
[INFO] 2025-10-06 09:31:30 views 116606 22379139258176 User 3 retrieving milkman 7
[INFO] 2025-10-06 09:31:30 views 116606 22379139258176 Milkman 7 retrieved successfully for user 3
[INFO] 2025-10-06 10:31:19 views 538191 22412282402624 User 7 retrieving milkman 7
[INFO] 2025-10-06 10:31:19 views 538191 22412282402624 Milkman 7 retrieved successfully for user 7
[INFO] 2025-10-06 10:34:24 views 538191 22412282402624 User 3 retrieving milkman 7
[INFO] 2025-10-06 10:34:24 views 538191 22412282402624 Milkman 7 retrieved successfully for user 3
[INFO] 2025-10-06 10:47:53 views 538191 22412282402624 User 9 retrieving milkman 9
[INFO] 2025-10-06 10:47:53 views 538191 22412282402624 Milkman 9 retrieved successfully for user 9
[INFO] 2025-10-06 10:47:57 views 538191 22412282402624 User 9 retrieving milkman 9
[INFO] 2025-10-06 10:47:57 views 538191 22412282402624 Milkman 9 retrieved successfully for user 9
[INFO] 2025-10-06 10:48:16 views 538191 22412282402624 User 9 retrieving milkman 9
[INFO] 2025-10-06 10:48:16 views 538191 22412282402624 Milkman 9 retrieved successfully for user 9
[INFO] 2025-10-06 13:53:59 views 1699615 22535055103808 User 7 retrieving milkman 9
[INFO] 2025-10-06 13:53:59 views 1699615 22535055103808 Milkman 9 retrieved successfully for user 7
[INFO] 2025-10-06 13:57:40 views 1707063 23224301291328 User 8 retrieving milkman 11
[INFO] 2025-10-06 13:57:40 views 1707063 23224301291328 Milkman 11 retrieved successfully for user 8
[INFO] 2025-10-06 14:01:12 views 1707063 23224301291328 User 11 retrieving milkman 11
[INFO] 2025-10-06 14:01:12 views 1707063 23224301291328 Milkman 11 retrieved successfully for user 11
[INFO] 2025-10-06 14:01:14 views 1707063 23224301291328 User 11 retrieving milkman 11
[INFO] 2025-10-06 14:01:14 views 1707063 23224301291328 Milkman 11 retrieved successfully for user 11
[INFO] 2025-10-06 14:01:18 views 1707063 23224301291328 User 11 updating milkman 11
[INFO] 2025-10-06 14:01:18 views 1707063 23224301291328 Milkman 11 updated successfully
[INFO] 2025-10-06 14:03:17 views 1707063 23224301291328 User 29 retrieving milkman 29
[INFO] 2025-10-06 14:03:17 views 1707063 23224301291328 Milkman 29 retrieved successfully for user 29
[INFO] 2025-10-06 14:03:33 views 1707063 23224301291328 User 29 retrieving milkman 29
[INFO] 2025-10-06 14:03:33 views 1707063 23224301291328 Milkman 29 retrieved successfully for user 29
[INFO] 2025-10-06 14:03:38 views 1707063 23224301291328 User 29 retrieving milkman 29
[INFO] 2025-10-06 14:03:38 views 1707063 23224301291328 Milkman 29 retrieved successfully for user 29
[INFO] 2025-10-06 14:03:42 views 1707063 23224301291328 User 29 retrieving milkman 29
[INFO] 2025-10-06 14:03:42 views 1707063 23224301291328 Milkman 29 retrieved successfully for user 29
[INFO] 2025-10-06 14:03:46 views 1707063 23224301291328 User 29 retrieving milkman 29
[INFO] 2025-10-06 14:03:46 views 1707063 23224301291328 Milkman 29 retrieved successfully for user 29
[INFO] 2025-10-06 14:03:50 views 1707063 23224301291328 User 29 retrieving milkman 29
[INFO] 2025-10-06 14:03:50 views 1707063 23224301291328 Milkman 29 retrieved successfully for user 29
[INFO] 2025-10-06 14:04:16 views 1707063 23224301291328 User 29 updating milkman 29
[INFO] 2025-10-06 14:04:16 views 1707063 23224301291328 Milkman 29 updated successfully
[INFO] 2025-10-06 14:04:32 views 1707063 23224301291328 User 29 updating milkman 29
[INFO] 2025-10-06 14:04:32 views 1707063 23224301291328 Milkman 29 updated successfully
[INFO] 2025-10-06 14:05:12 views 1707063 23224301291328 User 14 retrieving milkman 29
[INFO] 2025-10-06 14:05:12 views 1707063 23224301291328 Milkman 29 retrieved successfully for user 14
[INFO] 2025-10-06 14:08:20 views 1707063 23224301291328 User 29 retrieving milkman 29
[INFO] 2025-10-06 14:08:20 views 1707063 23224301291328 Milkman 29 retrieved successfully for user 29
[INFO] 2025-10-06 14:08:29 views 1707063 23224301291328 User 29 retrieving milkman 29
[INFO] 2025-10-06 14:08:29 views 1707063 23224301291328 Milkman 29 retrieved successfully for user 29
[INFO] 2025-10-06 15:21:40 views 2266279 23343276803904 User 29 retrieving milkman 29
[INFO] 2025-10-06 15:21:40 views 2266279 23343276803904 Milkman 29 retrieved successfully for user 29
[INFO] 2025-10-06 15:23:57 views 2266279 23343276803904 Creating new milkman
[INFO] 2025-10-06 15:23:58 views 2266279 23343276803904 Milkman 32 created successfully with phone +918080808084
[INFO] 2025-10-06 15:24:13 views 2266279 23343276803904 User 32 retrieving milkman 32
[INFO] 2025-10-06 15:24:13 views 2266279 23343276803904 Milkman 32 retrieved successfully for user 32
[INFO] 2025-10-06 15:24:16 views 2266279 23343276803904 User 32 retrieving milkman 32
[INFO] 2025-10-06 15:24:16 views 2266279 23343276803904 Milkman 32 retrieved successfully for user 32
[INFO] 2025-10-06 15:24:19 views 2266279 23343276803904 User 32 retrieving milkman 32
[INFO] 2025-10-06 15:24:19 views 2266279 23343276803904 Milkman 32 retrieved successfully for user 32
[INFO] 2025-10-06 15:24:23 views 2266279 23343276803904 User 32 retrieving milkman 32
[INFO] 2025-10-06 15:24:23 views 2266279 23343276803904 Milkman 32 retrieved successfully for user 32
[INFO] 2025-10-06 15:24:31 views 2266279 23343276803904 User 32 retrieving milkman 32
[INFO] 2025-10-06 15:24:31 views 2266279 23343276803904 Milkman 32 retrieved successfully for user 32
[INFO] 2025-10-06 15:25:14 views 2266279 23343276803904 User 32 retrieving milkman 32
[INFO] 2025-10-06 15:25:14 views 2266279 23343276803904 Milkman 32 retrieved successfully for user 32
[INFO] 2025-10-06 15:29:29 views 2266279 23343276803904 User 32 retrieving milkman 32
[INFO] 2025-10-06 15:29:29 views 2266279 23343276803904 Milkman 32 retrieved successfully for user 32
[INFO] 2025-10-06 15:30:33 views 2266279 23343276803904 User 29 retrieving milkman 29
[INFO] 2025-10-06 15:30:33 views 2266279 23343276803904 Milkman 29 retrieved successfully for user 29
[INFO] 2025-10-06 15:30:34 views 2266279 23343276803904 User 29 retrieving milkman 29
[INFO] 2025-10-06 15:30:34 views 2266279 23343276803904 Milkman 29 retrieved successfully for user 29
[INFO] 2025-10-06 15:30:42 views 2266279 23343276803904 User 29 retrieving milkman 29
[INFO] 2025-10-06 15:30:42 views 2266279 23343276803904 Milkman 29 retrieved successfully for user 29
[INFO] 2025-10-06 15:41:53 views 2266279 23343276803904 User 14 retrieving milkman 32
[INFO] 2025-10-06 15:41:53 views 2266279 23343276803904 Milkman 32 retrieved successfully for user 14
[INFO] 2025-10-06 15:42:01 views 2266279 23343276803904 User 14 retrieving milkman 29
[INFO] 2025-10-06 15:42:01 views 2266279 23343276803904 Milkman 29 retrieved successfully for user 14
[INFO] 2025-10-06 15:51:11 views 2266279 23343276803904 Creating new milkman
[INFO] 2025-10-06 15:51:11 views 2266279 23343276803904 Milkman 33 created successfully with phone +917070707878
[INFO] 2025-10-06 15:51:26 views 2266279 23343276803904 User 33 retrieving milkman 33
[INFO] 2025-10-06 15:51:26 views 2266279 23343276803904 Milkman 33 retrieved successfully for user 33
[INFO] 2025-10-06 15:51:31 views 2266279 23343276803904 User 33 retrieving milkman 33
[INFO] 2025-10-06 15:51:31 views 2266279 23343276803904 Milkman 33 retrieved successfully for user 33
[INFO] 2025-10-06 15:51:38 views 2266279 23343276803904 User 33 retrieving milkman 33
[INFO] 2025-10-06 15:51:38 views 2266279 23343276803904 Milkman 33 retrieved successfully for user 33
[INFO] 2025-10-06 15:51:41 views 2266279 23343276803904 User 33 retrieving milkman 33
[INFO] 2025-10-06 15:51:41 views 2266279 23343276803904 Milkman 33 retrieved successfully for user 33
[INFO] 2025-10-06 15:51:43 views 2266279 23343276803904 User 33 retrieving milkman 33
[INFO] 2025-10-06 15:51:43 views 2266279 23343276803904 Milkman 33 retrieved successfully for user 33
[INFO] 2025-10-06 15:53:49 views 2266279 23343276803904 User 8 retrieving milkman 11
[INFO] 2025-10-06 15:53:49 views 2266279 23343276803904 Milkman 11 retrieved successfully for user 8
[INFO] 2025-10-06 15:54:52 views 2460545 22839077926720 User 11 retrieving milkman 11
[INFO] 2025-10-06 15:54:52 views 2460545 22839077926720 Milkman 11 retrieved successfully for user 11
[INFO] 2025-10-06 15:55:35 views 2460545 22839077926720 User 8 retrieving milkman 33
[INFO] 2025-10-06 15:55:35 views 2460545 22839077926720 Milkman 33 retrieved successfully for user 8
[INFO] 2025-10-06 16:17:47 views 2602837 23190572357440 User 33 retrieving milkman 33
[INFO] 2025-10-06 16:17:47 views 2602837 23190572357440 Milkman 33 retrieved successfully for user 33
[INFO] 2025-10-06 16:20:06 views 2602837 23190572357440 User 33 retrieving milkman 33
[INFO] 2025-10-06 16:20:06 views 2602837 23190572357440 Milkman 33 retrieved successfully for user 33
[INFO] 2025-10-06 16:20:10 views 2602837 23190572357440 User 33 retrieving milkman 33
[INFO] 2025-10-06 16:20:10 views 2602837 23190572357440 Milkman 33 retrieved successfully for user 33
[INFO] 2025-10-06 20:11:43 views 3786326 22729285343040 User 3 retrieving milkman 7
[INFO] 2025-10-06 20:11:43 views 3786326 22729285343040 Milkman 7 retrieved successfully for user 3
[INFO] 2025-10-07 12:20:45 views 476793 22777118406464 User 3 retrieving milkman 7
[INFO] 2025-10-07 12:20:45 views 476793 22777118406464 Milkman 7 retrieved successfully for user 3
[INFO] 2025-10-07 20:51:10 views 3026233 23371710867264 User 3 retrieving milkman 7
[INFO] 2025-10-07 20:51:10 views 3026233 23371710867264 Milkman 7 retrieved successfully for user 3
[INFO] 2025-10-07 20:52:32 views 3026233 23371710867264 User 3 retrieving milkman 7
[INFO] 2025-10-07 20:52:32 views 3026233 23371710867264 Milkman 7 retrieved successfully for user 3
[INFO] 2025-10-08 09:47:13 views 2590378 22682464331584 User 2 retrieving milkman 2
[INFO] 2025-10-08 09:47:13 views 2590378 22682464331584 Milkman 2 retrieved successfully for user 2
[INFO] 2025-10-08 09:52:22 views 2590378 22682464331584 User 3 retrieving milkman 7
[INFO] 2025-10-08 09:52:22 views 2590378 22682464331584 Milkman 7 retrieved successfully for user 3
[INFO] 2025-10-08 09:55:45 views 2590378 22682464331584 User 3 retrieving milkman 7
[INFO] 2025-10-08 09:55:45 views 2590378 22682464331584 Milkman 7 retrieved successfully for user 3
[INFO] 2025-10-08 09:58:19 views 2590378 22682464331584 User 3 retrieving milkman 7
[INFO] 2025-10-08 09:58:19 views 2590378 22682464331584 Milkman 7 retrieved successfully for user 3
[INFO] 2025-10-08 10:04:19 views 2590378 22682464331584 User 2 retrieving milkman 2
[INFO] 2025-10-08 10:04:19 views 2590378 22682464331584 Milkman 2 retrieved successfully for user 2
[INFO] 2025-10-08 10:12:27 views 2590378 22682464331584 User 3 retrieving milkman 7
[INFO] 2025-10-08 10:12:27 views 2590378 22682464331584 Milkman 7 retrieved successfully for user 3
[INFO] 2025-10-08 10:15:06 views 2590378 22682464331584 User 3 retrieving milkman 7
[INFO] 2025-10-08 10:15:06 views 2590378 22682464331584 Milkman 7 retrieved successfully for user 3
[INFO] 2025-10-08 10:15:16 views 2590378 22682464331584 User 3 retrieving milkman 3
[INFO] 2025-10-08 10:15:16 views 2590378 22682464331584 Milkman 3 retrieved successfully for user 3
[INFO] 2025-10-08 19:44:12 views 1203824 22905929373504 User 3 retrieving milkman 7
[INFO] 2025-10-08 19:44:12 views 1203824 22905929373504 Milkman 7 retrieved successfully for user 3
[INFO] 2025-10-09 19:20:16 views 4030875 22968873977664 User 2 retrieving milkman 2
[INFO] 2025-10-09 19:20:16 views 4030875 22968873977664 Milkman 2 retrieved successfully for user 2
[INFO] 2025-10-09 19:27:48 views 4030875 22968873977664 User 2 retrieving milkman 2
[INFO] 2025-10-09 19:27:48 views 4030875 22968873977664 Milkman 2 retrieved successfully for user 2
[INFO] 2025-10-09 19:27:50 views 4030875 22968873977664 User 2 retrieving milkman 2
[INFO] 2025-10-09 19:27:50 views 4030875 22968873977664 Milkman 2 retrieved successfully for user 2
[INFO] 2025-10-09 19:29:37 views 4030875 22968873977664 User 2 retrieving milkman 2
[INFO] 2025-10-09 19:29:37 views 4030875 22968873977664 Milkman 2 retrieved successfully for user 2
[INFO] 2025-10-09 19:29:38 views 4030875 22968873977664 User 2 retrieving milkman 2
[INFO] 2025-10-09 19:29:38 views 4030875 22968873977664 Milkman 2 retrieved successfully for user 2
[INFO] 2025-10-09 19:30:12 views 4030875 22968873977664 User 2 retrieving milkman 2
[INFO] 2025-10-09 19:30:12 views 4030875 22968873977664 Milkman 2 retrieved successfully for user 2
[INFO] 2025-10-09 19:41:51 views 4184106 23133882238784 User 2 retrieving milkman 2
[INFO] 2025-10-09 19:41:51 views 4184106 23133882238784 Milkman 2 retrieved successfully for user 2
[INFO] 2025-10-09 19:42:00 views 4184106 23133882238784 User 2 updating milkman 2
[INFO] 2025-10-09 19:42:00 views 4184106 23133882238784 Milkman 2 updated successfully
[INFO] 2025-10-10 09:40:17 views 316386 22703694874432 User 2 retrieving milkman 2
[INFO] 2025-10-10 09:40:17 views 316386 22703694874432 Milkman 2 retrieved successfully for user 2
[INFO] 2025-10-10 10:23:24 views 558726 23274134726464 User 2 retrieving milkman 2
[INFO] 2025-10-10 10:23:24 views 558726 23274134726464 Milkman 2 retrieved successfully for user 2
[INFO] 2025-10-12 13:19:31 views 2387048 22734378510144 Listing all legacy milkmen
[INFO] 2025-10-12 13:19:31 views 2387048 22734378510144 Retrieved 33 legacy milkmen
[INFO] 2025-10-14 10:11:56 views 3293892 22971873613632 User 2 retrieving milkman 2
[INFO] 2025-10-14 10:11:56 views 3293892 22971873613632 Milkman 2 retrieved successfully for user 2
[INFO] 2025-10-14 10:11:58 views 3293892 22971873613632 User 2 retrieving milkman 2
[INFO] 2025-10-14 10:11:58 views 3293892 22971873613632 Milkman 2 retrieved successfully for user 2
[INFO] 2025-10-14 10:12:13 views 3293892 22971873613632 User 2 retrieving milkman 2
[INFO] 2025-10-14 10:12:13 views 3293892 22971873613632 Milkman 2 retrieved successfully for user 2
[INFO] 2025-10-14 11:15:16 views 3530496 22820832741184 User 2 retrieving milkman 2
[INFO] 2025-10-14 11:15:16 views 3530496 22820832741184 Milkman 2 retrieved successfully for user 2
[INFO] 2025-10-14 15:24:21 views 395260 22409383831360 User 2 retrieving milkman 2
[INFO] 2025-10-14 15:24:21 views 395260 22409383831360 Milkman 2 retrieved successfully for user 2
[INFO] 2025-10-14 15:24:23 views 395260 22409383831360 User 2 retrieving milkman 2
[INFO] 2025-10-14 15:24:23 views 395260 22409383831360 Milkman 2 retrieved successfully for user 2
[INFO] 2025-10-14 15:24:26 views 395260 22409383831360 User 2 retrieving milkman 2
[INFO] 2025-10-14 15:24:26 views 395260 22409383831360 Milkman 2 retrieved successfully for user 2
[INFO] 2025-10-14 15:24:33 views 395260 22409383831360 User 2 retrieving milkman 2
[INFO] 2025-10-14 15:24:34 views 395260 22409383831360 Milkman 2 retrieved successfully for user 2
[INFO] 2025-10-14 15:27:01 views 395260 22409383831360 User 2 retrieving milkman 2
[INFO] 2025-10-14 15:27:01 views 395260 22409383831360 Milkman 2 retrieved successfully for user 2
[INFO] 2025-10-14 15:27:20 views 395260 22409383831360 User 2 retrieving milkman 2
[INFO] 2025-10-14 15:27:20 views 395260 22409383831360 Milkman 2 retrieved successfully for user 2
[INFO] 2025-10-16 06:14:58 views 1447928 23405986998080 User 2 retrieving milkman 2
[INFO] 2025-10-16 06:14:58 views 1447928 23405986998080 Milkman 2 retrieved successfully for user 2
[INFO] 2025-10-16 06:17:25 views 1447928 23405986998080 User 3 retrieving milkman 7
[INFO] 2025-10-16 06:17:25 views 1447928 23405986998080 Milkman 7 retrieved successfully for user 3
[INFO] 2025-10-16 10:00:00 views 1860112 22596020246336 User 11 retrieving milkman 11
[INFO] 2025-10-16 10:00:00 views 1860112 22596020246336 Milkman 11 retrieved successfully for user 11
[INFO] 2025-10-16 10:00:00 views 1860112 22596020246336 User 11 retrieving milkman 11
[INFO] 2025-10-16 10:00:00 views 1860112 22596020246336 Milkman 11 retrieved successfully for user 11
[INFO] 2025-10-16 11:17:08 views 1947781 23001274238784 User 2 retrieving milkman 2
[INFO] 2025-10-16 11:17:08 views 1947781 23001274238784 Milkman 2 retrieved successfully for user 2
[INFO] 2025-10-16 18:03:14 views 2731499 23189334292288 User 9 retrieving milkman 9
[INFO] 2025-10-16 18:03:14 views 2731499 23189334292288 Milkman 9 retrieved successfully for user 9
[INFO] 2025-10-16 18:03:16 views 2731499 23189334292288 User 9 retrieving milkman 9
[INFO] 2025-10-16 18:03:16 views 2731499 23189334292288 Milkman 9 retrieved successfully for user 9
[INFO] 2025-10-16 18:03:18 views 2731499 23189334292288 User 9 retrieving milkman 9
[INFO] 2025-10-16 18:03:18 views 2731499 23189334292288 Milkman 9 retrieved successfully for user 9
[INFO] 2025-10-16 18:22:17 views 2756028 23150884583232 User 9 retrieving milkman 9
[INFO] 2025-10-16 18:22:17 views 2756028 23150884583232 Milkman 9 retrieved successfully for user 9
[INFO] 2025-10-16 18:22:32 views 2788626 22815870183232 User 9 retrieving milkman 9
[INFO] 2025-10-16 18:22:32 views 2788626 22815870183232 Milkman 9 retrieved successfully for user 9
[INFO] 2025-10-16 18:48:45 views 2833395 22813120759616 User 9 retrieving milkman 9
[INFO] 2025-10-16 18:48:45 views 2833395 22813120759616 Milkman 9 retrieved successfully for user 9
[INFO] 2025-10-16 23:12:33 views 3242096 22871515760448 Listing all legacy milkmen
[INFO] 2025-10-16 23:12:33 views 3242096 22871515760448 Retrieved 33 legacy milkmen
[INFO] 2025-10-17 10:03:13 views 191129 23317907343168 User 11 retrieving milkman 11
[INFO] 2025-10-17 10:03:13 views 191129 23317907343168 Milkman 11 retrieved successfully for user 11
[INFO] 2025-10-17 10:03:14 views 191129 23317907343168 User 11 retrieving milkman 11
[INFO] 2025-10-17 10:03:14 views 191129 23317907343168 Milkman 11 retrieved successfully for user 11
[INFO] 2025-10-17 10:03:47 views 191129 23317907343168 User 11 retrieving milkman 11
[INFO] 2025-10-17 10:03:47 views 191129 23317907343168 Milkman 11 retrieved successfully for user 11
[INFO] 2025-10-17 10:04:07 views 191129 23317907343168 User 11 retrieving milkman 11
[INFO] 2025-10-17 10:04:07 views 191129 23317907343168 Milkman 11 retrieved successfully for user 11
[INFO] 2025-10-17 10:08:23 views 191129 23317907343168 User 11 retrieving milkman 11
[INFO] 2025-10-17 10:08:23 views 191129 23317907343168 Milkman 11 retrieved successfully for user 11
[INFO] 2025-10-17 10:11:56 views 191129 23317907343168 User 11 retrieving milkman 11
[INFO] 2025-10-17 10:11:56 views 191129 23317907343168 Milkman 11 retrieved successfully for user 11
[INFO] 2025-10-17 10:11:56 views 191129 23317907343168 User 11 retrieving milkman 11
[INFO] 2025-10-17 10:11:56 views 191129 23317907343168 Milkman 11 retrieved successfully for user 11
[INFO] 2025-10-17 10:12:49 views 191129 23317907343168 User 8 retrieving milkman 11
[INFO] 2025-10-17 10:12:49 views 191129 23317907343168 Milkman 11 retrieved successfully for user 8
[INFO] 2025-10-17 10:13:01 views 191129 23317907343168 User 8 retrieving milkman 33
[INFO] 2025-10-17 10:13:01 views 191129 23317907343168 Milkman 33 retrieved successfully for user 8
[INFO] 2025-10-17 10:13:10 views 191129 23317907343168 User 8 retrieving milkman 11
[INFO] 2025-10-17 10:13:10 views 191129 23317907343168 Milkman 11 retrieved successfully for user 8
[INFO] 2025-10-17 10:14:05 views 191129 23317907343168 User 8 retrieving milkman 11
[INFO] 2025-10-17 10:14:05 views 191129 23317907343168 Milkman 11 retrieved successfully for user 8
[INFO] 2025-10-17 10:25:50 views 191129 23317907343168 User 8 retrieving milkman 11
[INFO] 2025-10-17 10:25:50 views 191129 23317907343168 Milkman 11 retrieved successfully for user 8
[INFO] 2025-10-17 10:27:32 views 191129 23317907343168 User 8 retrieving milkman 33
[INFO] 2025-10-17 10:27:32 views 191129 23317907343168 Milkman 33 retrieved successfully for user 8
[INFO] 2025-10-17 10:28:43 views 191129 23317907343168 User 8 retrieving milkman 11
[INFO] 2025-10-17 10:28:43 views 191129 23317907343168 Milkman 11 retrieved successfully for user 8
[INFO] 2025-10-17 10:28:51 views 191129 23317907343168 User 8 retrieving milkman 33
[INFO] 2025-10-17 10:28:51 views 191129 23317907343168 Milkman 33 retrieved successfully for user 8
[INFO] 2025-10-17 10:29:19 views 191129 23317907343168 User 8 retrieving milkman 11
[INFO] 2025-10-17 10:29:19 views 191129 23317907343168 Milkman 11 retrieved successfully for user 8
[INFO] 2025-10-17 10:29:36 views 191129 23317907343168 User 8 retrieving milkman 11
[INFO] 2025-10-17 10:29:36 views 191129 23317907343168 Milkman 11 retrieved successfully for user 8
[INFO] 2025-10-17 10:30:11 views 191129 23317907343168 User 8 retrieving milkman 33
[INFO] 2025-10-17 10:30:11 views 191129 23317907343168 Milkman 33 retrieved successfully for user 8
[INFO] 2025-10-19 13:31:34 views 889600 23049541125952 User 2 retrieving milkman 2
[INFO] 2025-10-19 13:31:34 views 889600 23049541125952 Milkman 2 retrieved successfully for user 2
[INFO] 2025-10-19 13:31:41 views 889600 23049541125952 User 2 retrieving milkman 2
[INFO] 2025-10-19 13:31:41 views 889600 23049541125952 Milkman 2 retrieved successfully for user 2
[INFO] 2025-10-19 13:53:43 views 889600 23049541125952 User 2 retrieving milkman 2
[INFO] 2025-10-19 13:53:43 views 889600 23049541125952 Milkman 2 retrieved successfully for user 2
[INFO] 2025-10-19 13:53:53 views 889600 23049541125952 User 2 retrieving milkman 2
[INFO] 2025-10-19 13:53:53 views 889600 23049541125952 Milkman 2 retrieved successfully for user 2
[INFO] 2025-10-19 14:38:03 views 1152095 22373307184960 User 2 retrieving milkman 2
[INFO] 2025-10-19 14:38:03 views 1152095 22373307184960 Milkman 2 retrieved successfully for user 2
[INFO] 2025-10-19 14:38:37 views 1152095 22373307184960 User 2 retrieving milkman 2
[INFO] 2025-10-19 14:38:37 views 1152095 22373307184960 Milkman 2 retrieved successfully for user 2
[INFO] 2025-10-19 14:40:09 views 1152095 22373307184960 User 2 retrieving milkman 2
[INFO] 2025-10-19 14:40:09 views 1152095 22373307184960 Milkman 2 retrieved successfully for user 2
[INFO] 2025-10-19 14:40:44 views 1152095 22373307184960 User 2 retrieving milkman 2
[INFO] 2025-10-19 14:40:44 views 1152095 22373307184960 Milkman 2 retrieved successfully for user 2
[INFO] 2025-10-19 15:48:54 views 1250710 22579590031168 User 2 retrieving milkman 2
[INFO] 2025-10-19 15:48:54 views 1250710 22579590031168 Milkman 2 retrieved successfully for user 2
[INFO] 2025-10-19 15:49:35 views 1250710 22579590031168 User 2 retrieving milkman 2
[INFO] 2025-10-19 15:49:35 views 1250710 22579590031168 Milkman 2 retrieved successfully for user 2
[INFO] 2025-10-19 15:53:08 views 1364224 22660088751936 User 2 retrieving milkman 2
[INFO] 2025-10-19 15:53:08 views 1364224 22660088751936 Milkman 2 retrieved successfully for user 2
[INFO] 2025-10-19 15:57:35 views 1364224 22660088751936 User 2 retrieving milkman 2
[INFO] 2025-10-19 15:57:35 views 1364224 22660088751936 Milkman 2 retrieved successfully for user 2
[INFO] 2025-10-19 15:57:45 views 1364224 22660088751936 User 2 retrieving milkman 2
[INFO] 2025-10-19 15:57:45 views 1364224 22660088751936 Milkman 2 retrieved successfully for user 2
[INFO] 2025-10-19 16:27:35 views 1439289 22941771122496 User 2 retrieving milkman 2
[INFO] 2025-10-19 16:27:35 views 1439289 22941771122496 Milkman 2 retrieved successfully for user 2
[INFO] 2025-10-19 17:14:01 views 1489880 22475995797312 User 2 retrieving milkman 2
[INFO] 2025-10-19 17:14:01 views 1489880 22475995797312 Milkman 2 retrieved successfully for user 2
[INFO] 2025-10-19 17:14:12 views 1489880 22475995797312 User 2 retrieving milkman 2
[INFO] 2025-10-19 17:14:12 views 1489880 22475995797312 Milkman 2 retrieved successfully for user 2
[INFO] 2025-10-19 17:39:40 views 1553208 22469965137728 User 2 retrieving milkman 2
[INFO] 2025-10-19 17:39:40 views 1553208 22469965137728 Milkman 2 retrieved successfully for user 2
[INFO] 2025-10-19 17:39:58 views 1553208 22469965137728 User 2 retrieving milkman 2
[INFO] 2025-10-19 17:39:58 views 1553208 22469965137728 Milkman 2 retrieved successfully for user 2
[INFO] 2025-10-22 18:47:15 views 794242 22458450593600 User 2 retrieving milkman 2
[INFO] 2025-10-22 18:47:15 views 794242 22458450593600 Milkman 2 retrieved successfully for user 2
[INFO] 2025-10-22 18:47:20 views 794242 22458450593600 User 2 retrieving milkman 2
[INFO] 2025-10-22 18:47:20 views 794242 22458450593600 Milkman 2 retrieved successfully for user 2
[INFO] 2025-10-22 18:47:23 views 794242 22458450593600 User 2 retrieving milkman 2
[INFO] 2025-10-22 18:47:23 views 794242 22458450593600 Milkman 2 retrieved successfully for user 2
[INFO] 2025-10-22 18:47:27 views 794242 22458450593600 User 2 retrieving milkman 2
[INFO] 2025-10-22 18:47:27 views 794242 22458450593600 Milkman 2 retrieved successfully for user 2
[INFO] 2025-10-22 19:57:51 views 962792 22887543166784 User 2 retrieving milkman 2
[INFO] 2025-10-22 19:57:51 views 962792 22887543166784 Milkman 2 retrieved successfully for user 2
[INFO] 2025-10-22 19:57:56 views 962792 22887543166784 User 2 retrieving milkman 2
[INFO] 2025-10-22 19:57:56 views 962792 22887543166784 Milkman 2 retrieved successfully for user 2
[INFO] 2025-10-22 20:12:11 views 962792 22887543166784 User 2 retrieving milkman 2
[INFO] 2025-10-22 20:12:11 views 962792 22887543166784 Milkman 2 retrieved successfully for user 2
[INFO] 2025-10-22 20:14:25 views 962792 22887543166784 User 2 retrieving milkman 2
[INFO] 2025-10-22 20:14:25 views 962792 22887543166784 Milkman 2 retrieved successfully for user 2
[INFO] 2025-10-22 20:20:16 views 962792 22887543166784 User 2 retrieving milkman 2
[INFO] 2025-10-22 20:20:16 views 962792 22887543166784 Milkman 2 retrieved successfully for user 2
[INFO] 2025-10-22 20:20:23 views 962792 22887543166784 User 2 retrieving milkman 2
[INFO] 2025-10-22 20:20:23 views 962792 22887543166784 Milkman 2 retrieved successfully for user 2
[INFO] 2025-10-22 20:20:37 views 962792 22887543166784 User 2 retrieving milkman 2
[INFO] 2025-10-22 20:20:37 views 962792 22887543166784 Milkman 2 retrieved successfully for user 2
[INFO] 2025-10-22 20:22:31 views 962792 22887543166784 User 2 retrieving milkman 2
[INFO] 2025-10-22 20:22:31 views 962792 22887543166784 Milkman 2 retrieved successfully for user 2
[INFO] 2025-10-22 20:24:55 views 962792 22887543166784 User 2 retrieving milkman 2
[INFO] 2025-10-22 20:24:55 views 962792 22887543166784 Milkman 2 retrieved successfully for user 2
[INFO] 2025-10-22 20:27:25 views 962792 22887543166784 User 2 retrieving milkman 2
[INFO] 2025-10-22 20:27:25 views 962792 22887543166784 Milkman 2 retrieved successfully for user 2
[INFO] 2025-10-22 20:28:23 views 962792 22887543166784 User 2 retrieving milkman 2
[INFO] 2025-10-22 20:28:23 views 962792 22887543166784 Milkman 2 retrieved successfully for user 2
[INFO] 2025-10-22 20:33:26 views 1091245 22827560748864 User 2 retrieving milkman 2
[INFO] 2025-10-22 20:33:26 views 1091245 22827560748864 Milkman 2 retrieved successfully for user 2
[INFO] 2025-10-22 20:34:06 views 1091245 22827560748864 User 2 retrieving milkman 2
[INFO] 2025-10-22 20:34:06 views 1091245 22827560748864 Milkman 2 retrieved successfully for user 2
[INFO] 2025-10-22 20:35:23 views 1091245 22827560748864 User 2 retrieving milkman 2
[INFO] 2025-10-22 20:35:23 views 1091245 22827560748864 Milkman 2 retrieved successfully for user 2
[INFO] 2025-10-22 20:35:59 views 1091387 22888987301696 User 2 retrieving milkman 2
[INFO] 2025-10-22 20:35:59 views 1091387 22888987301696 Milkman 2 retrieved successfully for user 2
[INFO] 2025-10-22 20:38:09 views 1091245 22827560748864 User 9 retrieving milkman 9
[INFO] 2025-10-22 20:38:09 views 1091245 22827560748864 Milkman 9 retrieved successfully for user 9
[INFO] 2025-10-22 20:38:12 views 1091245 22827560748864 User 9 retrieving milkman 9
[INFO] 2025-10-22 20:38:12 views 1091245 22827560748864 Milkman 9 retrieved successfully for user 9
[INFO] 2025-10-22 20:40:02 views 1091245 22827560748864 User 9 retrieving milkman 9
[INFO] 2025-10-22 20:40:02 views 1091245 22827560748864 Milkman 9 retrieved successfully for user 9
[INFO] 2025-10-25 11:19:55 views 3005949 22375795050304 User 3 retrieving milkman 7
[INFO] 2025-10-25 11:19:55 views 3005949 22375795050304 Milkman 7 retrieved successfully for user 3
[INFO] 2025-10-25 11:20:44 views 3005949 22375795050304 User 2 retrieving milkman 2
[INFO] 2025-10-25 11:20:44 views 3005949 22375795050304 Milkman 2 retrieved successfully for user 2
[INFO] 2025-10-25 11:21:05 views 3005949 22375795050304 User 2 retrieving milkman 2
[INFO] 2025-10-25 11:21:05 views 3005949 22375795050304 Milkman 2 retrieved successfully for user 2
[INFO] 2025-10-27 10:32:12 views 3601734 23449265616704 Listing all legacy milkmen
[INFO] 2025-10-27 10:32:12 views 3601734 23449265616704 Retrieved 33 legacy milkmen
[INFO] 2025-10-28 16:40:13 views 2493254 22514299983680 User 7 retrieving milkman 9
[INFO] 2025-10-28 16:40:13 views 2493254 22514299983680 Milkman 9 retrieved successfully for user 7
[INFO] 2025-10-28 16:41:20 views 2493254 22514299983680 User 9 retrieving milkman 9
[INFO] 2025-10-28 16:41:20 views 2493254 22514299983680 Milkman 9 retrieved successfully for user 9
[INFO] 2025-10-28 18:46:09 views 2826702 22695724967744 User 7 retrieving milkman 9
[INFO] 2025-10-28 18:46:09 views 2826702 22695724967744 Milkman 9 retrieved successfully for user 7
[INFO] 2025-10-29 12:19:17 views 410284 22479110539072 Listing all legacy milkmen
[INFO] 2025-10-29 12:19:17 views 410284 22479110539072 Retrieved 33 legacy milkmen
[INFO] 2025-10-29 12:23:29 views 410284 22479110539072 User 9 retrieving milkman 9
[INFO] 2025-10-29 12:23:29 views 410284 22479110539072 Milkman 9 retrieved successfully for user 9
[INFO] 2025-10-29 12:23:39 views 410284 22479110539072 User 9 retrieving milkman 9
[INFO] 2025-10-29 12:23:39 views 410284 22479110539072 Milkman 9 retrieved successfully for user 9
[INFO] 2025-10-29 12:39:23 views 410284 22479110539072 User 9 retrieving milkman 9
[INFO] 2025-10-29 12:39:23 views 410284 22479110539072 Milkman 9 retrieved successfully for user 9
[INFO] 2025-10-29 18:00:35 views 1088913 23302860109632 User 7 retrieving milkman 9
[INFO] 2025-10-29 18:00:35 views 1088913 23302860109632 Milkman 9 retrieved successfully for user 7
[INFO] 2025-10-30 13:24:56 views 3016816 22989938263872 User 2 retrieving milkman 2
[INFO] 2025-10-30 13:24:56 views 3016816 22989938263872 Milkman 2 retrieved successfully for user 2
[INFO] 2025-10-30 13:25:00 views 3016816 22989938263872 User 2 retrieving milkman 2
[INFO] 2025-10-30 13:25:00 views 3016816 22989938263872 Milkman 2 retrieved successfully for user 2
[INFO] 2025-10-31 11:20:04 views 1174909 23087258113856 User 3 retrieving milkman 7
[INFO] 2025-10-31 11:20:04 views 1174909 23087258113856 Milkman 7 retrieved successfully for user 3
[INFO] 2025-10-31 15:36:16 views 1730803 22719094851392 User 9 retrieving milkman 9
[INFO] 2025-10-31 15:36:16 views 1730803 22719094851392 Milkman 9 retrieved successfully for user 9
[INFO] 2025-10-31 15:36:21 views 1730803 22719094851392 User 9 retrieving milkman 9
[INFO] 2025-10-31 15:36:21 views 1730803 22719094851392 Milkman 9 retrieved successfully for user 9
[INFO] 2025-10-31 15:44:59 views 1745703 22478918670144 User 9 retrieving milkman 9
[INFO] 2025-10-31 15:44:59 views 1745703 22478918670144 Milkman 9 retrieved successfully for user 9
[INFO] 2025-10-31 15:45:02 views 1745703 22478918670144 User 9 retrieving milkman 9
[INFO] 2025-10-31 15:45:02 views 1745703 22478918670144 Milkman 9 retrieved successfully for user 9
[INFO] 2025-10-31 15:45:15 views 1745703 22478918670144 User 9 retrieving milkman 9
[INFO] 2025-10-31 15:45:15 views 1745703 22478918670144 Milkman 9 retrieved successfully for user 9
[INFO] 2025-10-31 18:05:42 views 2041125 23390393087808 User 9 retrieving milkman 9
[INFO] 2025-10-31 18:05:42 views 2041125 23390393087808 Milkman 9 retrieved successfully for user 9
[INFO] 2025-10-31 18:05:49 views 2041125 23390393087808 User 9 retrieving milkman 9
[INFO] 2025-10-31 18:05:49 views 2041125 23390393087808 Milkman 9 retrieved successfully for user 9
[INFO] 2025-10-31 18:06:10 views 2041125 23390393087808 User 9 retrieving milkman 9
[INFO] 2025-10-31 18:06:10 views 2041125 23390393087808 Milkman 9 retrieved successfully for user 9
[INFO] 2025-10-31 19:05:40 views 2151916 22476012345152 User 2 retrieving milkman 2
[INFO] 2025-10-31 19:05:40 views 2151916 22476012345152 Milkman 2 retrieved successfully for user 2
[INFO] 2025-10-31 19:06:48 views 2151916 22476012345152 User 2 retrieving milkman 2
[INFO] 2025-10-31 19:06:48 views 2151916 22476012345152 Milkman 2 retrieved successfully for user 2
[INFO] 2025-10-31 20:41:23 views 2337165 22743039973184 User 2 retrieving milkman 2
[INFO] 2025-10-31 20:41:23 views 2337165 22743039973184 Milkman 2 retrieved successfully for user 2
[INFO] 2025-10-31 20:45:01 views 2337165 22743039973184 User 2 retrieving milkman 2
[INFO] 2025-10-31 20:45:01 views 2337165 22743039973184 Milkman 2 retrieved successfully for user 2
[INFO] 2025-10-31 20:45:05 views 2337165 22743039973184 User 2 retrieving milkman 2
[INFO] 2025-10-31 20:45:05 views 2337165 22743039973184 Milkman 2 retrieved successfully for user 2
[INFO] 2025-10-31 20:46:46 views 2337165 22743039973184 User 9 retrieving milkman 9
[INFO] 2025-10-31 20:46:46 views 2337165 22743039973184 Milkman 9 retrieved successfully for user 9
[INFO] 2025-10-31 20:46:50 views 2337165 22743039973184 User 9 retrieving milkman 9
[INFO] 2025-10-31 20:46:50 views 2337165 22743039973184 Milkman 9 retrieved successfully for user 9
[INFO] 2025-10-31 20:48:43 views 2337165 22743039973184 User 2 retrieving milkman 2
[INFO] 2025-10-31 20:48:43 views 2337165 22743039973184 Milkman 2 retrieved successfully for user 2
[INFO] 2025-10-31 20:52:04 views 2337165 22743039973184 User 2 retrieving milkman 2
[INFO] 2025-10-31 20:52:04 views 2337165 22743039973184 Milkman 2 retrieved successfully for user 2
[INFO] 2025-11-01 10:15:46 views 3727267 22964669466432 User 11 retrieving milkman 11
[INFO] 2025-11-01 10:15:46 views 3727267 22964669466432 Milkman 11 retrieved successfully for user 11
[INFO] 2025-11-01 10:15:50 views 3727267 22964669466432 User 11 retrieving milkman 11
[INFO] 2025-11-01 10:15:50 views 3727267 22964669466432 Milkman 11 retrieved successfully for user 11
[INFO] 2025-11-01 10:21:50 views 3727267 22964669466432 User 11 retrieving milkman 11
[INFO] 2025-11-01 10:21:50 views 3727267 22964669466432 Milkman 11 retrieved successfully for user 11
[INFO] 2025-11-01 10:22:04 views 3727267 22964669466432 User 11 retrieving milkman 11
[INFO] 2025-11-01 10:22:04 views 3727267 22964669466432 Milkman 11 retrieved successfully for user 11
[INFO] 2025-11-01 10:22:57 views 3742397 22534590162752 User 11 retrieving milkman 11
[INFO] 2025-11-01 10:22:57 views 3742397 22534590162752 Milkman 11 retrieved successfully for user 11
[INFO] 2025-11-01 10:22:58 views 3727267 22964669466432 User 11 retrieving milkman 11
[INFO] 2025-11-01 10:22:58 views 3727267 22964669466432 Milkman 11 retrieved successfully for user 11
[INFO] 2025-11-01 10:26:15 views 3727267 22964669466432 User 11 retrieving milkman 11
[INFO] 2025-11-01 10:26:15 views 3727267 22964669466432 Milkman 11 retrieved successfully for user 11
[INFO] 2025-11-01 10:26:39 views 3727267 22964669466432 User 11 retrieving milkman 11
[INFO] 2025-11-01 10:26:39 views 3727267 22964669466432 Milkman 11 retrieved successfully for user 11
[INFO] 2025-11-01 10:32:33 views 3757475 22524056651584 User 8 retrieving milkman 33
[INFO] 2025-11-01 10:32:33 views 3757475 22524056651584 Milkman 33 retrieved successfully for user 8
[INFO] 2025-11-01 10:32:43 views 3757475 22524056651584 User 8 retrieving milkman 11
[INFO] 2025-11-01 10:32:43 views 3757475 22524056651584 Milkman 11 retrieved successfully for user 8
[INFO] 2025-11-01 10:33:01 views 3757475 22524056651584 User 8 retrieving milkman 11
[INFO] 2025-11-01 10:33:01 views 3757475 22524056651584 Milkman 11 retrieved successfully for user 8
[INFO] 2025-11-01 10:33:17 views 3757475 22524056651584 User 8 retrieving milkman 33
[INFO] 2025-11-01 10:33:17 views 3757475 22524056651584 Milkman 33 retrieved successfully for user 8
[INFO] 2025-11-01 23:32:32 views 655092 22626296301376 Creating new milkman
[INFO] 2025-11-01 23:32:32 views 655092 22626296301376 Milkman 34 created successfully with phone +917171717176
[INFO] 2025-11-01 23:32:47 views 655092 22626296301376 User 34 retrieving milkman 34
[INFO] 2025-11-01 23:32:47 views 655092 22626296301376 Milkman 34 retrieved successfully for user 34
[INFO] 2025-11-01 23:32:54 views 655092 22626296301376 User 34 retrieving milkman 34
[INFO] 2025-11-01 23:32:54 views 655092 22626296301376 Milkman 34 retrieved successfully for user 34
[INFO] 2025-11-01 23:32:57 views 655092 22626296301376 User 34 retrieving milkman 34
[INFO] 2025-11-01 23:32:57 views 655092 22626296301376 Milkman 34 retrieved successfully for user 34
[INFO] 2025-11-01 23:34:29 views 655092 22626296301376 User 16 retrieving milkman 34
[INFO] 2025-11-01 23:34:29 views 655092 22626296301376 Milkman 34 retrieved successfully for user 16
[INFO] 2025-11-01 23:36:38 views 655092 22626296301376 User 34 retrieving milkman 34
[INFO] 2025-11-01 23:36:38 views 655092 22626296301376 Milkman 34 retrieved successfully for user 34
[INFO] 2025-11-01 23:36:44 views 655092 22626296301376 User 34 retrieving milkman 34
[INFO] 2025-11-01 23:36:44 views 655092 22626296301376 Milkman 34 retrieved successfully for user 34
[INFO] 2025-11-01 23:36:58 views 655092 22626296301376 User 34 retrieving milkman 34
[INFO] 2025-11-01 23:36:58 views 655092 22626296301376 Milkman 34 retrieved successfully for user 34
[INFO] 2025-11-01 23:37:51 views 655092 22626296301376 User 16 retrieving milkman 34
[INFO] 2025-11-01 23:37:51 views 655092 22626296301376 Milkman 34 retrieved successfully for user 16
[INFO] 2025-11-01 23:39:43 views 655092 22626296301376 User 34 retrieving milkman 34
[INFO] 2025-11-01 23:39:43 views 655092 22626296301376 Milkman 34 retrieved successfully for user 34
[INFO] 2025-11-01 23:39:56 views 655092 22626296301376 User 34 retrieving milkman 34
[INFO] 2025-11-01 23:39:56 views 655092 22626296301376 Milkman 34 retrieved successfully for user 34
[INFO] 2025-11-01 23:49:15 views 655092 22626296301376 User 16 retrieving milkman 34
[INFO] 2025-11-01 23:49:15 views 655092 22626296301376 Milkman 34 retrieved successfully for user 16
[INFO] 2025-11-01 23:52:18 views 655092 22626296301376 User 34 retrieving milkman 34
[INFO] 2025-11-01 23:52:18 views 655092 22626296301376 Milkman 34 retrieved successfully for user 34
[INFO] 2025-11-01 23:52:20 views 655092 22626296301376 User 34 retrieving milkman 34
[INFO] 2025-11-01 23:52:20 views 655092 22626296301376 Milkman 34 retrieved successfully for user 34
[INFO] 2025-11-01 23:56:22 views 655092 22626296301376 User 34 retrieving milkman 34
[INFO] 2025-11-01 23:56:22 views 655092 22626296301376 Milkman 34 retrieved successfully for user 34
[INFO] 2025-11-01 23:56:24 views 655092 22626296301376 User 34 retrieving milkman 34
[INFO] 2025-11-01 23:56:24 views 655092 22626296301376 Milkman 34 retrieved successfully for user 34
[INFO] 2025-11-03 10:46:36 views 697390 23044554524480 User 34 retrieving milkman 34
[INFO] 2025-11-03 10:46:36 views 697390 23044554524480 Milkman 34 retrieved successfully for user 34
[INFO] 2025-11-03 12:01:01 views 835028 23144534460224 User 8 retrieving milkman 8
[INFO] 2025-11-03 12:01:01 views 835028 23144534460224 Milkman 8 retrieved successfully for user 8
[INFO] 2025-11-03 12:01:23 views 835028 23144534460224 User 2 retrieving milkman 2
[INFO] 2025-11-03 12:01:23 views 835028 23144534460224 Milkman 2 retrieved successfully for user 2
[INFO] 2025-11-03 12:01:36 views 835028 23144534460224 User 2 retrieving milkman 2
[INFO] 2025-11-03 12:01:36 views 835028 23144534460224 Milkman 2 retrieved successfully for user 2
[INFO] 2025-11-04 11:12:27 views 3444016 23303899338560 User 13 retrieving milkman 26
[INFO] 2025-11-04 11:12:27 views 3444016 23303899338560 Milkman 26 retrieved successfully for user 13
[INFO] 2025-11-04 11:13:52 views 3444016 23303899338560 User 26 retrieving milkman 26
[INFO] 2025-11-04 11:13:52 views 3444016 23303899338560 Milkman 26 retrieved successfully for user 26
[INFO] 2025-11-04 11:14:07 views 3444016 23303899338560 User 26 retrieving milkman 26
[INFO] 2025-11-04 11:14:07 views 3444016 23303899338560 Milkman 26 retrieved successfully for user 26
[INFO] 2025-11-04 11:15:47 views 3444016 23303899338560 User 26 retrieving milkman 26
[INFO] 2025-11-04 11:15:47 views 3444016 23303899338560 Milkman 26 retrieved successfully for user 26
[INFO] 2025-11-04 11:16:01 views 3444016 23303899338560 User 26 retrieving milkman 26
[INFO] 2025-11-04 11:16:01 views 3444016 23303899338560 Milkman 26 retrieved successfully for user 26
[INFO] 2025-11-04 11:19:45 views 3444016 23303899338560 User 9 retrieving milkman 9
[INFO] 2025-11-04 11:19:45 views 3444016 23303899338560 Milkman 9 retrieved successfully for user 9
[INFO] 2025-11-04 11:19:48 views 3444016 23303899338560 User 9 retrieving milkman 9
[INFO] 2025-11-04 11:19:48 views 3444016 23303899338560 Milkman 9 retrieved successfully for user 9
[INFO] 2025-11-04 11:20:05 views 3444016 23303899338560 User 9 updating milkman 9
[INFO] 2025-11-04 11:20:05 views 3444016 23303899338560 Milkman 9 updated successfully
[INFO] 2025-11-04 11:20:18 views 3444016 23303899338560 User 9 updating milkman 9
[INFO] 2025-11-04 11:20:18 views 3444016 23303899338560 Milkman 9 updated successfully
[INFO] 2025-11-04 11:20:39 views 3444016 23303899338560 User 13 retrieving milkman 26
[INFO] 2025-11-04 11:20:39 views 3444016 23303899338560 Milkman 26 retrieved successfully for user 13
[INFO] 2025-11-04 11:21:19 views 3444016 23303899338560 User 13 retrieving milkman 26
[INFO] 2025-11-04 11:21:19 views 3444016 23303899338560 Milkman 26 retrieved successfully for user 13
[INFO] 2025-11-04 11:21:50 views 3444016 23303899338560 User 13 retrieving milkman 26
[INFO] 2025-11-04 11:21:50 views 3444016 23303899338560 Milkman 26 retrieved successfully for user 13
[INFO] 2025-11-04 14:35:23 views 3888003 23208540313408 Creating new milkman
[INFO] 2025-11-04 14:35:24 views 3888003 23208540313408 Milkman 35 created successfully with phone +917272727273
[INFO] 2025-11-04 14:37:21 views 3888003 23208540313408 User 35 retrieving milkman 35
[INFO] 2025-11-04 14:37:21 views 3888003 23208540313408 Milkman 35 retrieved successfully for user 35
[INFO] 2025-11-04 14:37:25 views 3888003 23208540313408 User 35 retrieving milkman 35
[INFO] 2025-11-04 14:37:25 views 3888003 23208540313408 Milkman 35 retrieved successfully for user 35
[INFO] 2025-11-04 14:37:29 views 3888003 23208540313408 User 35 retrieving milkman 35
[INFO] 2025-11-04 14:37:29 views 3888003 23208540313408 Milkman 35 retrieved successfully for user 35
[INFO] 2025-11-04 14:38:26 views 3888003 23208540313408 User 16 retrieving milkman 35
[INFO] 2025-11-04 14:38:26 views 3888003 23208540313408 Milkman 35 retrieved successfully for user 16
[INFO] 2025-11-04 15:00:22 views 3888003 23208540313408 User 3 requesting list of all milkmen
[INFO] 2025-11-04 15:00:22 views 3888003 23208540313408 Retrieved 35 milkmen for user 3
[INFO] 2025-11-04 15:00:57 views 3888003 23208540313408 User 13 retrieving milkman 26
[INFO] 2025-11-04 15:00:57 views 3888003 23208540313408 Milkman 26 retrieved successfully for user 13
[INFO] 2025-11-05 11:56:12 views 2110019 22983650080576 User 7 retrieving milkman 9
[INFO] 2025-11-05 11:56:12 views 2110019 22983650080576 Milkman 9 retrieved successfully for user 7
[INFO] 2025-11-05 11:58:33 views 2110019 22983650080576 User 9 retrieving milkman 9
[INFO] 2025-11-05 11:58:33 views 2110019 22983650080576 Milkman 9 retrieved successfully for user 9
[INFO] 2025-11-05 11:58:35 views 2110019 22983650080576 User 9 updating milkman 9
[INFO] 2025-11-05 11:58:35 views 2110019 22983650080576 Milkman 9 updated successfully
[INFO] 2025-11-05 12:01:26 views 2110019 22983650080576 User 34 retrieving milkman 34
[INFO] 2025-11-05 12:01:26 views 2110019 22983650080576 Milkman 34 retrieved successfully for user 34
[INFO] 2025-11-05 12:01:41 views 2110019 22983650080576 User 9 retrieving milkman 9
[INFO] 2025-11-05 12:01:41 views 2110019 22983650080576 Milkman 9 retrieved successfully for user 9
[INFO] 2025-11-05 12:04:11 views 2110019 22983650080576 User 7 retrieving milkman 9
[INFO] 2025-11-05 12:04:11 views 2110019 22983650080576 Milkman 9 retrieved successfully for user 7
[INFO] 2025-11-05 15:02:16 views 2512331 23207370381120 User 7 retrieving milkman 9
[INFO] 2025-11-05 15:02:16 views 2512331 23207370381120 Milkman 9 retrieved successfully for user 7
[INFO] 2025-11-05 15:02:24 views 2512331 23207370381120 User 7 retrieving milkman 9
[INFO] 2025-11-05 15:02:24 views 2512331 23207370381120 Milkman 9 retrieved successfully for user 7
[INFO] 2025-11-05 15:03:15 views 2512331 23207370381120 User 7 retrieving milkman 9
[INFO] 2025-11-05 15:03:15 views 2512331 23207370381120 Milkman 9 retrieved successfully for user 7
[INFO] 2025-11-05 20:41:12 views 3194896 23341002688320 User 7 retrieving milkman 9
[INFO] 2025-11-05 20:41:12 views 3194896 23341002688320 Milkman 9 retrieved successfully for user 7
[INFO] 2025-11-05 20:47:13 views 3194896 23341002688320 User 7 retrieving milkman 9
[INFO] 2025-11-05 20:47:13 views 3194896 23341002688320 Milkman 9 retrieved successfully for user 7
[INFO] 2025-11-05 21:25:36 views 3263371 22934390011712 User 7 retrieving milkman 9
[INFO] 2025-11-05 21:25:36 views 3263371 22934390011712 Milkman 9 retrieved successfully for user 7
[INFO] 2025-11-05 21:25:43 views 3263371 22934390011712 User 7 retrieving milkman 9
[INFO] 2025-11-05 21:25:43 views 3263371 22934390011712 Milkman 9 retrieved successfully for user 7
[INFO] 2025-11-05 21:32:24 views 3303464 23196796155712 User 7 retrieving milkman 9
[INFO] 2025-11-05 21:32:24 views 3303464 23196796155712 Milkman 9 retrieved successfully for user 7
[INFO] 2025-11-05 21:36:08 views 3303464 23196796155712 User 7 retrieving milkman 9
[INFO] 2025-11-05 21:36:08 views 3303464 23196796155712 Milkman 9 retrieved successfully for user 7
[INFO] 2025-11-05 21:50:33 views 3303464 23196796155712 User 7 retrieving milkman 9
[INFO] 2025-11-05 21:50:33 views 3303464 23196796155712 Milkman 9 retrieved successfully for user 7
[INFO] 2025-11-05 22:59:20 views 3303464 23196796155712 User 7 retrieving milkman 9
[INFO] 2025-11-05 22:59:20 views 3303464 23196796155712 Milkman 9 retrieved successfully for user 7
[INFO] 2025-11-05 22:59:37 views 3303464 23196796155712 User 7 retrieving milkman 9
[INFO] 2025-11-05 22:59:37 views 3303464 23196796155712 Milkman 9 retrieved successfully for user 7
[INFO] 2025-11-06 00:15:42 views 3791978 22599288178496 User 7 retrieving milkman 9
[INFO] 2025-11-06 00:15:42 views 3791978 22599288178496 Milkman 9 retrieved successfully for user 7
